[2024-12-10 09:29:54][INFO] Loading resources...
[2024-12-10 09:29:54][FINE] Loading resources from: bluemap/resourceExtensions.zip ...
[2024-12-10 09:29:54][FINE] Loading resources from: bluemap/minecraft-client-1.21.1.jar ...
[2024-12-10 09:29:55][INFO] Loading textures...
[2024-12-10 09:29:55][FINE] Loading textures from: bluemap/resourceExtensions.zip ...
[2024-12-10 09:29:55][FINE] Loading textures from: bluemap/minecraft-client-1.21.1.jar ...
[2024-12-10 09:29:56][INFO] Baking resources...
[2024-12-10 09:29:56][INFO] Resources loaded.
[2024-12-10 09:29:56][FINE] Loading world world-2024-12-10_nether#minecraft:the_nether ...
[2024-12-10 09:29:56][FINE] Loading datapack...
[2024-12-10 09:29:56][FINE] Loading datapack from: bluemap/resourceExtensions.zip ...
[2024-12-10 09:29:56][FINE] Loading datapack from: bluemap/minecraft-client-1.21.1.jar ...
[2024-12-10 09:29:56][FINE] Baking datapack...
[2024-12-10 09:29:56][FINE] Datapack loaded.
[2024-12-10 09:29:56][INFO] Initializing Storage: 'file' (Type: 'bluemap:file')
[2024-12-10 09:29:56][INFO] Loading map 'world_2024_12_10_nether'...
[2024-12-10 09:29:56][FINE] Loading render-state for map 'world_2024_12_10_nether'
[2024-12-10 09:29:56][FINE] Loading textures for map 'world_2024_12_10_nether'
[2024-12-10 09:29:56][FINE] Loading world world-2024-12-10#minecraft:overworld ...
[2024-12-10 09:29:56][FINE] Loading datapack...
[2024-12-10 09:29:56][FINE] Loading datapack from: world-2024-12-10/datapacks/bukkit ...
[2024-12-10 09:29:56][FINE] Loading datapack from: bluemap/resourceExtensions.zip ...
[2024-12-10 09:29:56][FINE] Loading datapack from: bluemap/minecraft-client-1.21.1.jar ...
[2024-12-10 09:29:56][FINE] Baking datapack...
[2024-12-10 09:29:56][FINE] Datapack loaded.
[2024-12-10 09:29:56][INFO] Loading map 'world_2024_12_10'...
[2024-12-10 09:29:56][FINE] Loading render-state for map 'world_2024_12_10'
[2024-12-10 09:29:56][FINE] Loading textures for map 'world_2024_12_10'
[2024-12-10 09:29:57][FINE] Loading world world-2024-12-10_the_end#minecraft:the_end ...
[2024-12-10 09:29:57][FINE] Loading datapack...
[2024-12-10 09:29:57][FINE] Loading datapack from: bluemap/resourceExtensions.zip ...
[2024-12-10 09:29:57][FINE] Loading datapack from: bluemap/minecraft-client-1.21.1.jar ...
[2024-12-10 09:29:57][FINE] Baking datapack...
[2024-12-10 09:29:57][FINE] Datapack loaded.
[2024-12-10 09:29:57][INFO] Loading map 'world_2024_12_10_the_end'...
[2024-12-10 09:29:57][FINE] Loading render-state for map 'world_2024_12_10_the_end'
[2024-12-10 09:29:57][FINE] Loading textures for map 'world_2024_12_10_the_end'
[2024-12-10 09:29:57][INFO] WebServer bound to all network interfaces on port 8100
[2024-12-10 09:29:57][INFO] WebServer started.
[2024-12-10 09:29:57][FINE] Started watching map 'world_2024_12_10_nether' for updates...
[2024-12-10 09:29:57][FINE] Started watching map 'world_2024_12_10' for updates...
[2024-12-10 09:29:57][FINE] Started watching map 'world_2024_12_10_the_end' for updates...
[2024-12-10 09:29:57][INFO] Loaded!
[2024-12-10 09:31:37][FINE] Scheduled update for region-file: (-1, -1) (Map: world_2024_12_10)
[2024-12-10 09:31:41][FINE] Scheduled update for region-file: (-1, 0) (Map: world_2024_12_10)
[2024-12-10 09:31:42][FINE] Scheduled update for region-file: (0, 0) (Map: world_2024_12_10)
[2024-12-10 09:31:43][FINE] Scheduled update for region-file: (0, -1) (Map: world_2024_12_10)
[2024-12-10 09:32:34][FINE] Scheduled update for region-file: (0, 0) (Map: world_2024_12_10)
[2024-12-10 09:32:34][FINE] Scheduled update for region-file: (-1, 0) (Map: world_2024_12_10)
[2024-12-10 09:32:34][FINE] Scheduled update for region-file: (0, -1) (Map: world_2024_12_10)
[2024-12-10 09:33:10][FINE] Scheduled update for region-file: (-1, -1) (Map: world_2024_12_10)
[2024-12-10 09:33:11][FINE] Scheduled update for region-file: (-1, 0) (Map: world_2024_12_10)
[2024-12-10 09:33:11][FINE] Scheduled update for region-file: (0, 0) (Map: world_2024_12_10)
[2024-12-10 09:33:26][FINE] Scheduled update for region-file: (-1, -1) (Map: world_2024_12_10)
[2024-12-10 09:33:27][FINE] Scheduled update for region-file: (0, 0) (Map: world_2024_12_10)
[2024-12-10 09:33:27][FINE] Scheduled update for region-file: (-1, 0) (Map: world_2024_12_10)
[2024-12-10 09:33:27][FINE] Scheduled update for region-file: (0, -1) (Map: world_2024_12_10)
[2024-12-10 09:33:41][INFO] Stopping...
[2024-12-10 09:33:41][FINE] Stopped watching map 'world_2024_12_10_nether' for updates.
[2024-12-10 09:33:41][FINE] Stopped watching map 'world_2024_12_10' for updates.
[2024-12-10 09:33:41][FINE] Stopped watching map 'world_2024_12_10_the_end' for updates.
