[09:29:26] [ServerMain/INFO]: [bootstrap] Running Java 21 (OpenJDK 64-Bit Server VM 21.0.5+11-LTS; Eclipse Adoptium Temurin-21.0.5+11) on Linux 5.15.167.4-microsoft-standard-WSL2 (amd64)
[09:29:26] [ServerMain/INFO]: [bootstrap] Loading Paper 1.21.1-132-ver/1.21.1@b48403b (2024-11-21T10:14:27Z) for Minecraft 1.21.1
[09:29:26] [ServerMain/INFO]: [PluginInitializerManager] Initializing plugins...
[09:29:28] [ServerMain/INFO]: [PluginInitializerManager] Initialized 5 plugins
[09:29:28] [ServerMain/INFO]: [PluginInitializerManager] Bukkit plugins (5):
 - AxiomPaper (4.0.2), BlueMap (5.5), SetHome (2.0), WildRTP (2.6.1), WorldEdit (7.3.9+6959-7adf70b)
[09:29:32] [ServerMain/INFO]: Environment: Environment[sessionHost=https://sessionserver.mojang.com, servicesHost=https://api.minecraftservices.com, name=PROD]
[09:29:33] [ServerMain/INFO]: Found new data pack file/bukkit, loading it automatically
[09:29:33] [ServerMain/INFO]: Found new data pack paper, loading it automatically
[09:29:34] [ServerMain/INFO]: No existing world data, creating new world
[09:29:36] [ServerMain/INFO]: Loaded 1290 recipes
[09:29:36] [ServerMain/INFO]: Loaded 1399 advancements
[09:29:36] [Server thread/INFO]: Starting minecraft server version 1.21.1
[09:29:36] [Server thread/INFO]: Loading properties
[09:29:36] [Server thread/INFO]: This server is running Paper version 1.21.1-132-ver/1.21.1@b48403b (2024-11-21T10:14:27Z) (Implementing API version 1.21.1-R0.1-SNAPSHOT)
[09:29:37] [Server thread/INFO]: [spark] This server bundles the spark profiler. For more information please visit https://docs.papermc.io/paper/profiling
[09:29:37] [Server thread/INFO]: Server Ping Player Sample Count: 12
[09:29:37] [Server thread/INFO]: Using 4 threads for Netty based IO
[09:29:38] [Server thread/INFO]: [ChunkTaskScheduler] Chunk system is using 1 I/O threads, 3 worker threads, and population gen parallelism of 3 threads
[09:29:38] [Server thread/INFO]: Default game type: SURVIVAL
[09:29:38] [Server thread/INFO]: Generating keypair
[09:29:38] [Server thread/INFO]: Starting Minecraft server on *:25565
[09:29:38] [Server thread/INFO]: Using epoll channel type
[09:29:38] [Server thread/INFO]: Paper: Using libdeflate (Linux x86_64) compression from Velocity.
[09:29:38] [Server thread/INFO]: Paper: Using OpenSSL 3.x.x (Linux x86_64) cipher from Velocity.
[09:29:39] [Server thread/INFO]: [WorldEdit] Loading server plugin WorldEdit v7.3.9+6959-7adf70b
[09:29:40] [Server thread/INFO]: Got request to register class com.sk89q.worldedit.bukkit.BukkitServerInterface with WorldEdit [com.sk89q.worldedit.extension.platform.PlatformManager@9dcae71]
[09:29:40] [Server thread/INFO]: [WildRTP] Loading server plugin WildRTP v2.6.1
[09:29:40] [Server thread/INFO]: [SetHome] Loading server plugin SetHome v2.0
[09:29:40] [Server thread/INFO]: [BlueMap] Loading server plugin BlueMap v5.5
[09:29:40] [Server thread/INFO]: [AxiomPaper] Loading server plugin AxiomPaper v4.0.2
[09:29:40] [Server thread/INFO]: Server permissions file permissions.yml is empty, ignoring it
[09:29:40] [Server thread/INFO]: [WorldEdit] Enabling WorldEdit v7.3.9+6959-7adf70b
[09:29:40] [Server thread/INFO]: Registering commands with com.sk89q.worldedit.bukkit.BukkitServerInterface
[09:29:40] [Server thread/INFO]: WEPIF: Using the Bukkit Permissions API.
[09:29:40] [Server thread/INFO]: Using com.sk89q.worldedit.bukkit.adapter.impl.v1_21.PaperweightAdapter as the Bukkit adapter
[09:29:42] [Server thread/INFO]: Preparing level "world-2024-12-10"
[09:29:47] [Server thread/INFO]: Preparing start region for dimension minecraft:overworld
[09:29:50] [Server thread/INFO]: Time elapsed: 2986 ms
[09:29:50] [Server thread/INFO]: Preparing start region for dimension minecraft:the_nether
[09:29:51] [Server thread/INFO]: Time elapsed: 762 ms
[09:29:51] [Server thread/INFO]: Preparing start region for dimension minecraft:the_end
[09:29:51] [Server thread/INFO]: Time elapsed: 229 ms
[09:29:51] [Server thread/INFO]: [WildRTP] Enabling WildRTP v2.6.1
[09:29:51] [Server thread/INFO]: [WildRTP] WildRTP by Joni
[09:29:51] [Server thread/INFO]: [WildRTP] Thank you for using my plugin!
[09:29:51] [Server thread/INFO]: [SetHome] Enabling SetHome v2.0
[09:29:51] [Server thread/INFO]: [BlueMap] Enabling BlueMap v5.5
[09:29:51] [Server thread/INFO]: [BlueMap] Saving all worlds once, to make sure the level.dat is present...
[09:29:51] [Server thread/WARN]: A manual (plugin-induced) save has been detected while server is configured to auto-save. This may affect performance.
[09:29:51] [Thread-9/INFO]: [WildRTP] You are running the latest version!
[09:29:52] [Server thread/INFO]: [AxiomPaper] Enabling AxiomPaper v4.0.2
[09:29:53] [Server thread/INFO]: [spark] Starting background profiler...
[09:29:53] [Server thread/INFO]: Done preparing level "world-2024-12-10" (11.339s)
[09:29:53] [Server thread/INFO]: Starting remote control listener
[09:29:53] [Server thread/INFO]: Thread RCON Listener started
[09:29:53] [Server thread/INFO]: RCON running on 0.0.0.0:25575
[09:29:53] [Server thread/INFO]: Running delayed init tasks
[09:29:53] [Craft Scheduler Thread - 3 - BlueMap/INFO]: [BlueMap] Loading...
[09:29:53] [Server thread/INFO]: Done (28.332s)! For help, type "help"
[09:29:53] [Server thread/INFO]: Timings Reset
[09:29:53] [RCON Listener #1/INFO]: Thread RCON Client /0:0:0:0:0:0:0:1 started
[09:29:53] [RCON Client /0:0:0:0:0:0:0:1 #2/INFO]: Thread RCON Client /0:0:0:0:0:0:0:1 shutting down
[09:29:53] [RCON Listener #1/INFO]: Thread RCON Client /0:0:0:0:0:0:0:1 started
[09:29:53] [RCON Client /0:0:0:0:0:0:0:1 #3/INFO]: Thread RCON Client /0:0:0:0:0:0:0:1 shutting down
[09:29:54] [Craft Scheduler Thread - 3 - BlueMap/INFO]: [BlueMap] Loading resources...
[09:29:55] [Craft Scheduler Thread - 3 - BlueMap/INFO]: [BlueMap] Loading textures...
[09:29:56] [Craft Scheduler Thread - 3 - BlueMap/INFO]: [BlueMap] Baking resources...
[09:29:56] [Craft Scheduler Thread - 3 - BlueMap/INFO]: [BlueMap] Resources loaded.
[09:29:56] [Craft Scheduler Thread - 3 - BlueMap/INFO]: [BlueMap] Initializing Storage: 'file' (Type: 'bluemap:file')
[09:29:56] [Craft Scheduler Thread - 3 - BlueMap/INFO]: [BlueMap] Loading map 'world_2024_12_10_nether'...
[09:29:56] [Craft Scheduler Thread - 3 - BlueMap/INFO]: [BlueMap] Loading map 'world_2024_12_10'...
[09:29:57] [Craft Scheduler Thread - 3 - BlueMap/INFO]: [BlueMap] Loading map 'world_2024_12_10_the_end'...
[09:29:57] [Craft Scheduler Thread - 3 - BlueMap/INFO]: [BlueMap] WebServer bound to all network interfaces on port 8100
[09:29:57] [Thread-10/INFO]: [BlueMap] WebServer started.
[09:29:57] [Craft Scheduler Thread - 3 - BlueMap/INFO]: [BlueMap] Loaded!
[09:30:54] [User Authenticator #0/INFO]: UUID of player TheN4meless0ne is cddc409f-a42d-45e1-9ce1-dde37505da46
[09:30:55] [Server thread/INFO]: TheN4meless0ne joined the game
[09:30:55] [Server thread/INFO]: TheN4meless0ne[/172.18.0.1:52260] logged in with entity id 42 at ([world-2024-12-10]6.5, 76.0, 2.5)
[09:31:09] [Server thread/INFO]: TheN4meless0ne issued server command: /gamemode creative
[09:31:09] [Server thread/INFO]: [TheN4meless0ne: Set own game mode to Creative Mode]
[09:33:16] [Server thread/INFO]: TheN4meless0ne lost connection: Disconnected
[09:33:16] [Server thread/INFO]: TheN4meless0ne left the game
[09:33:41] [RCON Listener #1/INFO]: Thread RCON Client /0:0:0:0:0:0:0:1 started
[09:33:41] [Server thread/INFO]: [Rcon: Stopping the server]
[09:33:41] [RCON Client /0:0:0:0:0:0:0:1 #4/INFO]: Thread RCON Client /0:0:0:0:0:0:0:1 shutting down
[09:33:41] [Server thread/INFO]: Stopping server
[09:33:41] [Server thread/INFO]: [AxiomPaper] Disabling AxiomPaper v4.0.2
[09:33:41] [Server thread/INFO]: [BlueMap] Disabling BlueMap v5.5
[09:33:41] [Server thread/INFO]: [BlueMap] Stopping...
[09:33:43] [Server thread/INFO]: [BlueMap] Saved and stopped!
[09:33:43] [Server thread/INFO]: [SetHome] Disabling SetHome v2.0
[09:33:43] [Server thread/INFO]: [WildRTP] Disabling WildRTP v2.6.1
[09:33:43] [Server thread/INFO]: [WorldEdit] Disabling WorldEdit v7.3.9+6959-7adf70b
[09:33:43] [Server thread/INFO]: Unregistering com.sk89q.worldedit.bukkit.BukkitServerInterface from WorldEdit
[09:33:43] [Server thread/INFO]: Saving players
[09:33:43] [Server thread/INFO]: Saving worlds
[09:33:43] [Server thread/INFO]: Saving chunks for level 'ServerLevel[world-2024-12-10]'/minecraft:overworld
[09:33:43] [Server thread/INFO]: [ChunkHolderManager] Waiting 60s for chunk system to halt for world 'world-2024-12-10'
[09:33:43] [Server thread/INFO]: [ChunkHolderManager] Halted chunk system for world 'world-2024-12-10'
[09:33:43] [Server thread/INFO]: [ChunkHolderManager] Saving all chunkholders for world 'world-2024-12-10'
[09:33:45] [Server thread/INFO]: [ChunkHolderManager] Saved 838 block chunks, 713 entity chunks, 3 poi chunks in world 'world-2024-12-10' in 2.29s
[09:33:45] [Server thread/INFO]: Saving chunks for level 'ServerLevel[world-2024-12-10_nether]'/minecraft:the_nether
[09:33:45] [Server thread/INFO]: [ChunkHolderManager] Waiting 60s for chunk system to halt for world 'world-2024-12-10_nether'
[09:33:45] [Server thread/INFO]: [ChunkHolderManager] Halted chunk system for world 'world-2024-12-10_nether'
[09:33:45] [Server thread/INFO]: [ChunkHolderManager] Saving all chunkholders for world 'world-2024-12-10_nether'
[09:33:46] [Server thread/INFO]: [ChunkHolderManager] Saved 815 block chunks, 0 entity chunks, 0 poi chunks in world 'world-2024-12-10_nether' in 0.65s
[09:33:46] [Server thread/INFO]: Saving chunks for level 'ServerLevel[world-2024-12-10_the_end]'/minecraft:the_end
[09:33:46] [Server thread/INFO]: [ChunkHolderManager] Waiting 60s for chunk system to halt for world 'world-2024-12-10_the_end'
[09:33:46] [Server thread/INFO]: [ChunkHolderManager] Halted chunk system for world 'world-2024-12-10_the_end'
[09:33:46] [Server thread/INFO]: [ChunkHolderManager] Saving all chunkholders for world 'world-2024-12-10_the_end'
[09:33:46] [Server thread/INFO]: [ChunkHolderManager] Saved 792 block chunks, 10 entity chunks, 0 poi chunks in world 'world-2024-12-10_the_end' in 0.55s
[09:33:46] [Server thread/INFO]: ThreadedAnvilChunkStorage (world-2024-12-10): All chunks are saved
[09:33:46] [Server thread/INFO]: ThreadedAnvilChunkStorage (DIM-1): All chunks are saved
[09:33:46] [Server thread/INFO]: ThreadedAnvilChunkStorage (DIM1): All chunks are saved
[09:33:46] [Server thread/INFO]: ThreadedAnvilChunkStorage: All dimensions are saved
